Using pre-set license
Built from '2021.3/staging' branch; Version is '2021.3.0f1 (6eacc8284459) revision 7253192'; Using compiler version '192829333'; Build Type 'Release'
OS: 'Windows 10  (10.0.19044) 64bit Professional' Language: 'en' Physical Memory: 24534 MB
BatchMode: 1, IsHumanControllingUs: 0, StartBugReporterOnCrash: 0, Is64bit: 1, IsPro: 1

COMMAND LINE ARGUMENTS:
S:\Program Files\Unity\Hub\Editor\2021.3.0f1\Editor\Unity.exe
-adb2
-batchMode
-noUpm
-name
AssetImportWorker0
-projectPath
S:/Program Files/Hextopia Repo/Hextopia
-logFile
Logs/AssetImportWorker0.log
-srvPort
60463
Successfully changed project path to: S:/Program Files/Hextopia Repo/Hextopia
S:/Program Files/Hextopia Repo/Hextopia
[UnityMemory] Configuration Parameters - Can be set up in boot.config
    "memorysetup-bucket-allocator-granularity=16"
    "memorysetup-bucket-allocator-bucket-count=8"
    "memorysetup-bucket-allocator-block-size=33554432"
    "memorysetup-bucket-allocator-block-count=8"
    "memorysetup-main-allocator-block-size=16777216"
    "memorysetup-thread-allocator-block-size=16777216"
    "memorysetup-gfx-main-allocator-block-size=16777216"
    "memorysetup-gfx-thread-allocator-block-size=16777216"
    "memorysetup-cache-allocator-block-size=4194304"
    "memorysetup-typetree-allocator-block-size=2097152"
    "memorysetup-profiler-bucket-allocator-granularity=16"
    "memorysetup-profiler-bucket-allocator-bucket-count=8"
    "memorysetup-profiler-bucket-allocator-block-size=33554432"
    "memorysetup-profiler-bucket-allocator-block-count=8"
    "memorysetup-profiler-allocator-block-size=16777216"
    "memorysetup-profiler-editor-allocator-block-size=1048576"
    "memorysetup-temp-allocator-size-main=16777216"
    "memorysetup-job-temp-allocator-block-size=2097152"
    "memorysetup-job-temp-allocator-block-size-background=1048576"
    "memorysetup-job-temp-allocator-reduction-small-platforms=262144"
    "memorysetup-temp-allocator-size-background-worker=32768"
    "memorysetup-temp-allocator-size-job-worker=262144"
    "memorysetup-temp-allocator-size-preload-manager=33554432"
    "memorysetup-temp-allocator-size-nav-mesh-worker=65536"
    "memorysetup-temp-allocator-size-audio-worker=65536"
    "memorysetup-temp-allocator-size-cloud-worker=32768"
    "memorysetup-temp-allocator-size-gi-baking-worker=262144"
    "memorysetup-temp-allocator-size-gfx=262144"
Refreshing native plugins compatible for Editor in 58.79 ms, found 2 plugins.
Preloading 0 native plugins for Editor in 0.00 ms.
Initialize engine version: 2021.3.0f1 (6eacc8284459)
[Subsystems] Discovering subsystems at path S:/Program Files/Unity/Hub/Editor/2021.3.0f1/Editor/Data/Resources/UnitySubsystems
[Subsystems] Discovering subsystems at path S:/Program Files/Hextopia Repo/Hextopia/Assets
GfxDevice: creating device client; threaded=0; jobified=0
Direct3D:
    Version:  Direct3D 11.0 [level 11.1]
    Renderer: NVIDIA GeForce RTX 2070 (ID=0x1f07)
    Vendor:   NVIDIA
    VRAM:     8031 MB
    Driver:   30.0.14.9729
Initialize mono
Mono path[0] = 'S:/Program Files/Unity/Hub/Editor/2021.3.0f1/Editor/Data/Managed'
Mono path[1] = 'S:/Program Files/Unity/Hub/Editor/2021.3.0f1/Editor/Data/MonoBleedingEdge/lib/mono/unityjit-win32'
Mono config path = 'S:/Program Files/Unity/Hub/Editor/2021.3.0f1/Editor/Data/MonoBleedingEdge/etc'
Using monoOptions --debugger-agent=transport=dt_socket,embedding=1,server=y,suspend=n,address=127.0.0.1:56532
Begin MonoManager ReloadAssembly
Registering precompiled unity dll's ...
Register platform support module: S:/Program Files/Unity/Hub/Editor/2021.3.0f1/Editor/Data/PlaybackEngines/WindowsStandaloneSupport/UnityEditor.WindowsStandalone.Extensions.dll
Registered in 0.005614 seconds.
Native extension for WindowsStandalone target not found
Refreshing native plugins compatible for Editor in 55.19 ms, found 2 plugins.
Preloading 0 native plugins for Editor in 0.00 ms.
Mono: successfully reloaded assembly
- Completed reload, in  0.629 seconds
Domain Reload Profiling:
	ReloadAssembly (630ms)
		BeginReloadAssembly (87ms)
			ExecutionOrderSort (0ms)
			DisableScriptedObjects (0ms)
			BackupInstance (0ms)
			ReleaseScriptingObjects (0ms)
			CreateAndSetChildDomain (1ms)
		EndReloadAssembly (437ms)
			LoadAssemblies (86ms)
			RebuildTransferFunctionScriptingTraits (0ms)
			SetupTypeCache (108ms)
			ReleaseScriptCaches (0ms)
			RebuildScriptCaches (26ms)
			SetupLoadedEditorAssemblies (258ms)
				LogAssemblyErrors (0ms)
				InitializePlatformSupportModulesInManaged (7ms)
				SetLoadedEditorAssemblies (0ms)
				RefreshPlugins (55ms)
				BeforeProcessingInitializeOnLoad (2ms)
				ProcessInitializeOnLoadAttributes (144ms)
				ProcessInitializeOnLoadMethodAttributes (49ms)
				AfterProcessingInitializeOnLoad (0ms)
				EditorAssembliesLoaded (0ms)
			ExecutionOrderSort2 (0ms)
			AwakeInstancesAfterBackupRestoration (0ms)
Platform modules already initialized, skipping
Registering precompiled user dll's ...
Registered in 0.007071 seconds.
Begin MonoManager ReloadAssembly
Symbol file LoadedFromMemory is not a mono symbol file
Native extension for WindowsStandalone target not found
Refreshing native plugins compatible for Editor in 59.01 ms, found 2 plugins.
Preloading 0 native plugins for Editor in 0.00 ms.
Mono: successfully reloaded assembly
- Completed reload, in  1.151 seconds
Domain Reload Profiling:
	ReloadAssembly (1152ms)
		BeginReloadAssembly (127ms)
			ExecutionOrderSort (0ms)
			DisableScriptedObjects (6ms)
			BackupInstance (0ms)
			ReleaseScriptingObjects (0ms)
			CreateAndSetChildDomain (18ms)
		EndReloadAssembly (912ms)
			LoadAssemblies (113ms)
			RebuildTransferFunctionScriptingTraits (0ms)
			SetupTypeCache (245ms)
			ReleaseScriptCaches (1ms)
			RebuildScriptCaches (53ms)
			SetupLoadedEditorAssemblies (483ms)
				LogAssemblyErrors (0ms)
				InitializePlatformSupportModulesInManaged (3ms)
				SetLoadedEditorAssemblies (0ms)
				RefreshPlugins (59ms)
				BeforeProcessingInitializeOnLoad (76ms)
				ProcessInitializeOnLoadAttributes (251ms)
				ProcessInitializeOnLoadMethodAttributes (89ms)
				AfterProcessingInitializeOnLoad (5ms)
				EditorAssembliesLoaded (0ms)
			ExecutionOrderSort2 (0ms)
			AwakeInstancesAfterBackupRestoration (10ms)
Platform modules already initialized, skipping
========================================================================
Worker process is ready to serve import requests
Launched and connected shader compiler UnityShaderCompiler.exe after 0.04 seconds
Refreshing native plugins compatible for Editor in 0.58 ms, found 2 plugins.
Preloading 0 native plugins for Editor in 0.00 ms.
Unloading 3532 Unused Serialized files (Serialized files now loaded: 0)
Unloading 27 unused Assets / (349.6 KB). Loaded Objects now: 4030.
Memory consumption went from 180.5 MB to 180.1 MB.
Total: 4.086100 ms (FindLiveObjects: 0.336400 ms CreateObjectMapping: 0.259100 ms MarkObjects: 3.332000 ms  DeleteObjects: 0.157300 ms)

AssetImportParameters requested are different than current active one (requested -> active):
  custom:video-decoder-ogg-theora: a1e56fd34408186e4bbccfd4996cb3dc -> 
  custom:container-muxer-webm: aa71ff27fc2769a1b78a27578f13a17b -> 
  custom:container-demuxer-webm: 4f35f7cbe854078d1ac9338744f61a02 -> 
  custom:video-encoder-webm-vp8: eb34c28f22e8b96e1ab97ce403110664 -> 
  custom:video-codec-MediaFoundation-h265: 746d11721c4dcdbdad8f713fa42b33f4 -> 
  custom:audio-encoder-webm-vorbis: bf7c407c2cedff20999df2af8eb42d56 -> 
  custom:framework-win-MediaFoundation: 216162199b28c13a410421893ffa2e32 -> 
  custom:container-demuxer-ogg: 62fdf1f143b41e24485cea50d1cbac27 -> 
  custom:video-decoder-webm-vp8: 9c59270c3fd7afecdb556c50c9e8de78 -> 
  custom:audio-decoder-ogg-vorbis: bf7c407c2cedff20999df2af8eb42d56 -> 
========================================================================
Received Import Request.
  Time since last request: 1537870.150714 seconds.
  path: Assets/Prefabs/Characters/Casual2_Female.fbx
  artifactKey: Guid(6e698e59afbfadb44bc56c64f1ca75e9) Importer(815301076,1909f56bfc062723c751e8b465ee728b)
Start importing Assets/Prefabs/Characters/Casual2_Female.fbx using Guid(6e698e59afbfadb44bc56c64f1ca75e9) Importer(815301076,1909f56bfc062723c751e8b465ee728b)  -> (artifact id: '74d4bb21e3222b0b5f29a3efda71df82') in 0.618139 seconds 
========================================================================
Received Import Request.
  Time since last request: 0.000026 seconds.
  path: Assets/Prefabs/Characters/BaseCharacter.fbx
  artifactKey: Guid(0fb08850779ba6145b1b5311e74485fd) Importer(815301076,1909f56bfc062723c751e8b465ee728b)
Start importing Assets/Prefabs/Characters/BaseCharacter.fbx using Guid(0fb08850779ba6145b1b5311e74485fd) Importer(815301076,1909f56bfc062723c751e8b465ee728b)  -> (artifact id: '82433baec2149f3ddc45a67662baa228') in 0.074268 seconds 
========================================================================
Received Import Request.
  Time since last request: 0.000071 seconds.
  path: Assets/Prefabs/Characters/MoveOrderNode.prefab
  artifactKey: Guid(22c5200f0f2c32846a8311833b9a5246) Importer(815301076,1909f56bfc062723c751e8b465ee728b)
Start importing Assets/Prefabs/Characters/MoveOrderNode.prefab using Guid(22c5200f0f2c32846a8311833b9a5246) Importer(815301076,1909f56bfc062723c751e8b465ee728b)  -> (artifact id: '72adc5de4615938ddddfda658b9ef98f') in 0.038905 seconds 
========================================================================
Received Import Request.
  Time since last request: 0.000044 seconds.
  path: Assets/Prefabs/Characters
  artifactKey: Guid(8d04ec95db0c05c4c94f9a44bc2dbfce) Importer(815301076,1909f56bfc062723c751e8b465ee728b)
Start importing Assets/Prefabs/Characters using Guid(8d04ec95db0c05c4c94f9a44bc2dbfce) Importer(815301076,1909f56bfc062723c751e8b465ee728b)  -> (artifact id: 'ade44cfbfc1855750e81ff3897233a19') in 0.009775 seconds 
========================================================================
Received Import Request.
  Time since last request: 0.000025 seconds.
  path: Assets/Prefabs/Characters/Casual3_Male.fbx
  artifactKey: Guid(26fd7c3ac9d6d3e4c9aef658a0f45785) Importer(815301076,1909f56bfc062723c751e8b465ee728b)
Start importing Assets/Prefabs/Characters/Casual3_Male.fbx using Guid(26fd7c3ac9d6d3e4c9aef658a0f45785) Importer(815301076,1909f56bfc062723c751e8b465ee728b)  -> (artifact id: 'b093b6199b559043be3c556cb900e8ee') in 0.040700 seconds 
========================================================================
Received Import Request.
  Time since last request: 2.596826 seconds.
  path: Assets/Prefabs/Materials
  artifactKey: Guid(9766f703c2caa0d41bd52cc1a4f552b9) Importer(815301076,1909f56bfc062723c751e8b465ee728b)
Start importing Assets/Prefabs/Materials using Guid(9766f703c2caa0d41bd52cc1a4f552b9) Importer(815301076,1909f56bfc062723c751e8b465ee728b)  -> (artifact id: '93a0eca36a34e548a4a0140fd7f98265') in 0.006429 seconds 
========================================================================
Received Import Request.
  Time since last request: 1.247132 seconds.
  path: Assets/Prefabs/Character Materials
  artifactKey: Guid(2b29f794df4697844ab29ddd6ea85362) Importer(815301076,1909f56bfc062723c751e8b465ee728b)
Start importing Assets/Prefabs/Character Materials using Guid(2b29f794df4697844ab29ddd6ea85362) Importer(815301076,1909f56bfc062723c751e8b465ee728b)  -> (artifact id: '79257ae782f77e454db35f96358a6db8') in 0.007183 seconds 
========================================================================
Received Import Request.
  Time since last request: 0.043231 seconds.
  path: Assets/Prefabs/Character Materials/Belt.mat
  artifactKey: Guid(e674ec7373e03334d9117451e7c16c6e) Importer(815301076,1909f56bfc062723c751e8b465ee728b)
Start importing Assets/Prefabs/Character Materials/Belt.mat using Guid(e674ec7373e03334d9117451e7c16c6e) Importer(815301076,1909f56bfc062723c751e8b465ee728b)  -> (artifact id: 'de18f7d7fbecb4b599062f565f6f3f32') in 0.020447 seconds 
========================================================================
Received Import Request.
  Time since last request: 0.000053 seconds.
  path: Assets/Prefabs/Character Materials/Hair2.mat
  artifactKey: Guid(25ea767c8824a8941a366076b89058d1) Importer(815301076,1909f56bfc062723c751e8b465ee728b)
Start importing Assets/Prefabs/Character Materials/Hair2.mat using Guid(25ea767c8824a8941a366076b89058d1) Importer(815301076,1909f56bfc062723c751e8b465ee728b)  -> (artifact id: 'bcc191b2626b0e353ee0f1c0658f28d0') in 0.019527 seconds 
========================================================================
Received Import Request.
  Time since last request: 0.000025 seconds.
  path: Assets/Prefabs/Character Materials/Belt2.mat
  artifactKey: Guid(386186df07fd44d4eb8e0f01a03c3e9b) Importer(815301076,1909f56bfc062723c751e8b465ee728b)
Start importing Assets/Prefabs/Character Materials/Belt2.mat using Guid(386186df07fd44d4eb8e0f01a03c3e9b) Importer(815301076,1909f56bfc062723c751e8b465ee728b)  -> (artifact id: 'd2112bd411d86231e8cc2a7f366d5049') in 0.017253 seconds 
========================================================================
Received Import Request.
  Time since last request: 0.000021 seconds.
  path: Assets/Prefabs/Character Materials/Face.mat
  artifactKey: Guid(d095eeb75567a114cada38435c1370f9) Importer(815301076,1909f56bfc062723c751e8b465ee728b)
Start importing Assets/Prefabs/Character Materials/Face.mat using Guid(d095eeb75567a114cada38435c1370f9) Importer(815301076,1909f56bfc062723c751e8b465ee728b)  -> (artifact id: '53b2ae86561358e5656e914b5c8c4dd6') in 0.016377 seconds 
========================================================================
Received Import Request.
  Time since last request: 0.002685 seconds.
  path: Assets/Prefabs/Character Materials/Skin.mat
  artifactKey: Guid(d9bc964b4b91b974ab8fe7f27f654025) Importer(815301076,1909f56bfc062723c751e8b465ee728b)
Start importing Assets/Prefabs/Character Materials/Skin.mat using Guid(d9bc964b4b91b974ab8fe7f27f654025) Importer(815301076,1909f56bfc062723c751e8b465ee728b)  -> (artifact id: 'ba15a9e9f6d8dd8028a11acbaa148671') in 0.017552 seconds 
========================================================================
Received Import Request.
  Time since last request: 0.000025 seconds.
  path: Assets/Prefabs/Character Materials/Pants.mat
  artifactKey: Guid(e533441c41d5e504291d0c6f522abe77) Importer(815301076,1909f56bfc062723c751e8b465ee728b)
Start importing Assets/Prefabs/Character Materials/Pants.mat using Guid(e533441c41d5e504291d0c6f522abe77) Importer(815301076,1909f56bfc062723c751e8b465ee728b)  -> (artifact id: '2e8084edd368fa3faa86f7318a212b48') in 0.025189 seconds 
========================================================================
Received Import Request.
  Time since last request: 0.000023 seconds.
  path: Assets/Prefabs/Character Materials/Shirt2.mat
  artifactKey: Guid(837c03c0dc2db684286514ea40599ea7) Importer(815301076,1909f56bfc062723c751e8b465ee728b)
Start importing Assets/Prefabs/Character Materials/Shirt2.mat using Guid(837c03c0dc2db684286514ea40599ea7) Importer(815301076,1909f56bfc062723c751e8b465ee728b)  -> (artifact id: 'af38db8a3018ce2a6be966455839cddd') in 0.026829 seconds 
========================================================================
Received Import Request.
  Time since last request: 0.000020 seconds.
  path: Assets/Prefabs/Character Materials/Hair.mat
  artifactKey: Guid(c43b5c3b0f1cbf34fa4da235f5127f50) Importer(815301076,1909f56bfc062723c751e8b465ee728b)
Start importing Assets/Prefabs/Character Materials/Hair.mat using Guid(c43b5c3b0f1cbf34fa4da235f5127f50) Importer(815301076,1909f56bfc062723c751e8b465ee728b)  -> (artifact id: '84e9f22e6b9066a4f411d424007794c6') in 0.021780 seconds 
========================================================================
Received Import Request.
  Time since last request: 0.000020 seconds.
  path: Assets/Prefabs/Character Materials/Shirt.mat
  artifactKey: Guid(bc93037349760654e83c33b825abf45d) Importer(815301076,1909f56bfc062723c751e8b465ee728b)
Start importing Assets/Prefabs/Character Materials/Shirt.mat using Guid(bc93037349760654e83c33b825abf45d) Importer(815301076,1909f56bfc062723c751e8b465ee728b)  -> (artifact id: 'd302f4f680b8679c89a3cbf701483136') in 0.023196 seconds 
========================================================================
Received Import Request.
  Time since last request: 0.000022 seconds.
  path: Assets/Prefabs/Character Materials/Skin2.mat
  artifactKey: Guid(30b82de3d81f2d543b73c9c819a5374b) Importer(815301076,1909f56bfc062723c751e8b465ee728b)
Start importing Assets/Prefabs/Character Materials/Skin2.mat using Guid(30b82de3d81f2d543b73c9c819a5374b) Importer(815301076,1909f56bfc062723c751e8b465ee728b)  -> (artifact id: 'c178fb8803797fdbae206fa3c6c67f9f') in 0.021390 seconds 
========================================================================
Received Import Request.
  Time since last request: 0.000021 seconds.
  path: Assets/Prefabs/Character Materials/Face2.mat
  artifactKey: Guid(d92154e87f5fa374eb58ed2392697a4f) Importer(815301076,1909f56bfc062723c751e8b465ee728b)
Start importing Assets/Prefabs/Character Materials/Face2.mat using Guid(d92154e87f5fa374eb58ed2392697a4f) Importer(815301076,1909f56bfc062723c751e8b465ee728b)  -> (artifact id: '607982f62388850dccf98a5f1ff4fc95') in 0.016626 seconds 
========================================================================
Received Import Request.
  Time since last request: 0.000026 seconds.
  path: Assets/Prefabs/Character Materials/Pants2.mat
  artifactKey: Guid(fe3da1e2122f83645b017d6abefc3aeb) Importer(815301076,1909f56bfc062723c751e8b465ee728b)
Start importing Assets/Prefabs/Character Materials/Pants2.mat using Guid(fe3da1e2122f83645b017d6abefc3aeb) Importer(815301076,1909f56bfc062723c751e8b465ee728b)  -> (artifact id: 'a1cadafd3631ca45afec63f5dfa37f95') in 0.022084 seconds 
========================================================================
Received Import Request.
  Time since last request: 11.088043 seconds.
  path: Assets/External Packages/Stylized 3D Tools/Prefabs/axe01.prefab
  artifactKey: Guid(0031543705b8c024c916caa648809017) Importer(815301076,1909f56bfc062723c751e8b465ee728b)
Start importing Assets/External Packages/Stylized 3D Tools/Prefabs/axe01.prefab using Guid(0031543705b8c024c916caa648809017) Importer(815301076,1909f56bfc062723c751e8b465ee728b)  -> (artifact id: 'b65138310197d4d4a80472665136041d') in 0.160132 seconds 
========================================================================
Received Import Request.
  Time since last request: 0.000028 seconds.
  path: Assets/External Packages/Stylized 3D Tools/Prefabs/pickaxe01.prefab
  artifactKey: Guid(869385138ceeb3c4e9ed5f72da8d50d7) Importer(815301076,1909f56bfc062723c751e8b465ee728b)
Start importing Assets/External Packages/Stylized 3D Tools/Prefabs/pickaxe01.prefab using Guid(869385138ceeb3c4e9ed5f72da8d50d7) Importer(815301076,1909f56bfc062723c751e8b465ee728b)  -> (artifact id: 'd474160f600d0e688ff5e1da602c334b') in 0.203200 seconds 
========================================================================
Received Import Request.
  Time since last request: 0.000033 seconds.
  path: Assets/External Packages/Stylized 3D Tools/Prefabs/hammer01.prefab
  artifactKey: Guid(9f64ed5ce0216394d91f836dbefecf5d) Importer(815301076,1909f56bfc062723c751e8b465ee728b)
Start importing Assets/External Packages/Stylized 3D Tools/Prefabs/hammer01.prefab using Guid(9f64ed5ce0216394d91f836dbefecf5d) Importer(815301076,1909f56bfc062723c751e8b465ee728b)  -> (artifact id: '00f04c4313c2144bbb539dc2dd95f8e1') in 0.140369 seconds 
========================================================================
Received Import Request.
  Time since last request: 49.943386 seconds.
  path: Assets/External Packages/Stylized 3D Tools/Models
  artifactKey: Guid(c24807e7d23ac9e4c9449e5ee6a53ea8) Importer(815301076,1909f56bfc062723c751e8b465ee728b)
Start importing Assets/External Packages/Stylized 3D Tools/Models using Guid(c24807e7d23ac9e4c9449e5ee6a53ea8) Importer(815301076,1909f56bfc062723c751e8b465ee728b)  -> (artifact id: 'ec535bbf093b7fa0cff75827647e7ceb') in 0.007413 seconds 
========================================================================
Received Import Request.
  Time since last request: 0.526115 seconds.
  path: Assets/External Packages/Stylized 3D Tools/Materials
  artifactKey: Guid(ef8d331214f5bbe409dbd1d49715dc7f) Importer(815301076,1909f56bfc062723c751e8b465ee728b)
Start importing Assets/External Packages/Stylized 3D Tools/Materials using Guid(ef8d331214f5bbe409dbd1d49715dc7f) Importer(815301076,1909f56bfc062723c751e8b465ee728b)  -> (artifact id: '30436c040c2ae8713036b98e0895e7d0') in 0.002582 seconds 
========================================================================
Received Import Request.
  Time since last request: 0.030422 seconds.
  path: Assets/External Packages/Stylized 3D Tools/Materials/Axe01.mat
  artifactKey: Guid(957492a324b415c4a8cbbbf579129853) Importer(815301076,1909f56bfc062723c751e8b465ee728b)
Start importing Assets/External Packages/Stylized 3D Tools/Materials/Axe01.mat using Guid(957492a324b415c4a8cbbbf579129853) Importer(815301076,1909f56bfc062723c751e8b465ee728b)  -> (artifact id: '4a62f60c2998f1f50672aa32dabf8364') in 0.051299 seconds 
========================================================================
Received Import Request.
  Time since last request: 23.830107 seconds.
  path: Assets/External Packages/Fantasy Wooden GUI  Free/normal_ui_set A/1_normal_ui_set free.psd
  artifactKey: Guid(1ab331a196bae1046b7a75ed7e3f6b46) Importer(815301076,1909f56bfc062723c751e8b465ee728b)
Start importing Assets/External Packages/Fantasy Wooden GUI  Free/normal_ui_set A/1_normal_ui_set free.psd using Guid(1ab331a196bae1046b7a75ed7e3f6b46) Importer(815301076,1909f56bfc062723c751e8b465ee728b)  -> (artifact id: 'e1dd3c7c7dff8c6226dc9afd2e9a7716') in 0.313359 seconds 
========================================================================
Received Import Request.
  Time since last request: 0.000025 seconds.
  path: Assets/Stylized Water For URP/Textures/Caustics/Caustics 1.png
  artifactKey: Guid(b3f9fed74fb5f1c4ea4fe5b062c3b953) Importer(815301076,1909f56bfc062723c751e8b465ee728b)
Start importing Assets/Stylized Water For URP/Textures/Caustics/Caustics 1.png using Guid(b3f9fed74fb5f1c4ea4fe5b062c3b953) Importer(815301076,1909f56bfc062723c751e8b465ee728b)  -> (artifact id: '45a6ab9d48af0e1f0327a85c961ede31') in 0.036920 seconds 
========================================================================
Received Import Request.
  Time since last request: 0.000037 seconds.
  path: Assets/External Packages/Fantasy Wooden GUI  Free/normal_ui_set A/Close Button.png
  artifactKey: Guid(11277a3f23988ec47908362d708edaa8) Importer(815301076,1909f56bfc062723c751e8b465ee728b)
Start importing Assets/External Packages/Fantasy Wooden GUI  Free/normal_ui_set A/Close Button.png using Guid(11277a3f23988ec47908362d708edaa8) Importer(815301076,1909f56bfc062723c751e8b465ee728b)  -> (artifact id: '76d6b703a9326ebd368dbb05b31a97bc') in 0.034856 seconds 
========================================================================
Received Import Request.
  Time since last request: 0.000023 seconds.
  path: Assets/External Packages/Fantasy Wooden GUI  Free/normal_ui_set A/1_normal_ui_set-free.png
  artifactKey: Guid(f3e42cb7317f6f14186e2c2267014de2) Importer(815301076,1909f56bfc062723c751e8b465ee728b)
Start importing Assets/External Packages/Fantasy Wooden GUI  Free/normal_ui_set A/1_normal_ui_set-free.png using Guid(f3e42cb7317f6f14186e2c2267014de2) Importer(815301076,1909f56bfc062723c751e8b465ee728b)  -> (artifact id: '7f9a8616cdf34d1adacb705641ad7ea2') in 0.258463 seconds 
========================================================================
Received Import Request.
  Time since last request: 0.000058 seconds.
  path: Assets/External Packages/SkythianCat/Hand_Painted_Nature_Kit_LITE/Textures/Bark3-2.png
  artifactKey: Guid(0fa9aca141a7eeb429a446e57e5f223d) Importer(815301076,1909f56bfc062723c751e8b465ee728b)
Start importing Assets/External Packages/SkythianCat/Hand_Painted_Nature_Kit_LITE/Textures/Bark3-2.png using Guid(0fa9aca141a7eeb429a446e57e5f223d) Importer(815301076,1909f56bfc062723c751e8b465ee728b)  -> (artifact id: '30d84ea3d753176053d1f2933ad2011b') in 0.029119 seconds 
========================================================================
Received Import Request.
  Time since last request: 0.000028 seconds.
  path: Assets/External Packages/Stylized 3D Tools/Textures/axe01.psd
  artifactKey: Guid(4c16144dffb171948b60a4e94e979bb4) Importer(815301076,1909f56bfc062723c751e8b465ee728b)
Start importing Assets/External Packages/Stylized 3D Tools/Textures/axe01.psd using Guid(4c16144dffb171948b60a4e94e979bb4) Importer(815301076,1909f56bfc062723c751e8b465ee728b)  -> (artifact id: '0b6827e71ac5ce338ab67191f9a518ef') in 0.032791 seconds 
========================================================================
Received Import Request.
  Time since last request: 0.000025 seconds.
  path: Assets/External Packages/Stylized 3D Tools/Textures/axe01_normal.psd
  artifactKey: Guid(a882d10cd9358b54d810e603cc75dbac) Importer(815301076,1909f56bfc062723c751e8b465ee728b)
Start importing Assets/External Packages/Stylized 3D Tools/Textures/axe01_normal.psd using Guid(a882d10cd9358b54d810e603cc75dbac) Importer(815301076,1909f56bfc062723c751e8b465ee728b)  -> (artifact id: 'c6e47c22a068f4e61d1c10b5d32c39a3') in 0.038586 seconds 
========================================================================
Received Import Request.
  Time since last request: 0.000029 seconds.
  path: Assets/External Packages/SkythianCat/Hand_Painted_Nature_Kit_LITE/Textures/Boletus_edulis_d.png
  artifactKey: Guid(14373323d28a92a45ad50a1cbca92733) Importer(815301076,1909f56bfc062723c751e8b465ee728b)
Start importing Assets/External Packages/SkythianCat/Hand_Painted_Nature_Kit_LITE/Textures/Boletus_edulis_d.png using Guid(14373323d28a92a45ad50a1cbca92733) Importer(815301076,1909f56bfc062723c751e8b465ee728b)  -> (artifact id: 'edccfc0cd6946f5c9f845f71244e2215') in 0.023948 seconds 
========================================================================
Received Import Request.
  Time since last request: 0.000023 seconds.
  path: Assets/Stylized Water For URP/Textures/Caustics/Caustics 2.png
  artifactKey: Guid(9d52c8f4a571dce409356fdb189e8a3c) Importer(815301076,1909f56bfc062723c751e8b465ee728b)
Start importing Assets/Stylized Water For URP/Textures/Caustics/Caustics 2.png using Guid(9d52c8f4a571dce409356fdb189e8a3c) Importer(815301076,1909f56bfc062723c751e8b465ee728b)  -> (artifact id: 'a3740663bb97e60594e087012a255277') in 0.023967 seconds 
========================================================================
Received Import Request.
  Time since last request: 0.000052 seconds.
  path: Assets/External Packages/SkythianCat/Hand_Painted_Nature_Kit_LITE/Textures/Cedar_branch_big.png
  artifactKey: Guid(f6dafded098e39047b4a62aa1dccc6bd) Importer(815301076,1909f56bfc062723c751e8b465ee728b)
Start importing Assets/External Packages/SkythianCat/Hand_Painted_Nature_Kit_LITE/Textures/Cedar_branch_big.png using Guid(f6dafded098e39047b4a62aa1dccc6bd) Importer(815301076,1909f56bfc062723c751e8b465ee728b)  -> (artifact id: '7e76893a392d0c10ed03ec0cbe7ba78d') in 0.033557 seconds 
========================================================================
Received Import Request.
  Time since last request: 0.000021 seconds.
  path: Assets/Stylized Water For URP/Textures/Caustics/Caustics 3.png
  artifactKey: Guid(f2c40b951cee11943a1f6d5ec1b42f2c) Importer(815301076,1909f56bfc062723c751e8b465ee728b)
Start importing Assets/Stylized Water For URP/Textures/Caustics/Caustics 3.png using Guid(f2c40b951cee11943a1f6d5ec1b42f2c) Importer(815301076,1909f56bfc062723c751e8b465ee728b)  -> (artifact id: '1bbae555323bb4b92c32de74e59a4d88') in 0.030306 seconds 
========================================================================
Received Import Request.
  Time since last request: 0.000030 seconds.
  path: Assets/Stylized Water For URP/Scripts/UI/Resources/Icons/Caustics.png
  artifactKey: Guid(d49cec1719cda894390301599ba7b88d) Importer(815301076,1909f56bfc062723c751e8b465ee728b)
Start importing Assets/Stylized Water For URP/Scripts/UI/Resources/Icons/Caustics.png using Guid(d49cec1719cda894390301599ba7b88d) Importer(815301076,1909f56bfc062723c751e8b465ee728b)  -> (artifact id: 'ce9a808a6634c65d20865c258031a680') in 0.026013 seconds 
========================================================================
Received Import Request.
  Time since last request: 0.000023 seconds.
  path: Assets/Stylized Water For URP/Textures/Caustics/Caustics 4.png
  artifactKey: Guid(832a95b3f67bea74b941f33cce3a7651) Importer(815301076,1909f56bfc062723c751e8b465ee728b)
Start importing Assets/Stylized Water For URP/Textures/Caustics/Caustics 4.png using Guid(832a95b3f67bea74b941f33cce3a7651) Importer(815301076,1909f56bfc062723c751e8b465ee728b)  -> (artifact id: '6bd4daa315df58ffe7ed0680830fbd43') in 0.021505 seconds 
========================================================================
Received Import Request.
  Time since last request: 17.558924 seconds.
  path: Assets/External Packages/Stylized 3D Tools/Textures/pickaxe01.psd
  artifactKey: Guid(ed7b6d2efc64d8947a478f9bc1c237b7) Importer(815301076,1909f56bfc062723c751e8b465ee728b)
Start importing Assets/External Packages/Stylized 3D Tools/Textures/pickaxe01.psd using Guid(ed7b6d2efc64d8947a478f9bc1c237b7) Importer(815301076,1909f56bfc062723c751e8b465ee728b)  -> (artifact id: 'bacb1605d350ff2c3fad2aad38de3428') in 0.033668 seconds 
========================================================================
Received Import Request.
  Time since last request: 0.000672 seconds.
  path: Assets/External Packages/Stylized 3D Tools/Textures/pickaxe01_normal.psd
  artifactKey: Guid(73715e09af25bec458bd5b4235929c31) Importer(815301076,1909f56bfc062723c751e8b465ee728b)
Start importing Assets/External Packages/Stylized 3D Tools/Textures/pickaxe01_normal.psd using Guid(73715e09af25bec458bd5b4235929c31) Importer(815301076,1909f56bfc062723c751e8b465ee728b)  -> (artifact id: 'd795fbc0dcd3be77a4e87abb8dfdbe99') in 0.151162 seconds 
========================================================================
Received Import Request.
  Time since last request: 13.999343 seconds.
  path: Assets/External Packages/Stylized 3D Tools
  artifactKey: Guid(b54222069eedde345b65b832717eca97) Importer(815301076,1909f56bfc062723c751e8b465ee728b)
Start importing Assets/External Packages/Stylized 3D Tools using Guid(b54222069eedde345b65b832717eca97) Importer(815301076,1909f56bfc062723c751e8b465ee728b)  -> (artifact id: '96ba9220ca0ab49de86af2420e55175a') in 0.007450 seconds 
========================================================================
Received Import Request.
  Time since last request: 1.568579 seconds.
  path: Assets/External Packages/Stylized 3D Tools/Prefabs
  artifactKey: Guid(04a811266112f234fb3727eb60e24d53) Importer(815301076,1909f56bfc062723c751e8b465ee728b)
Start importing Assets/External Packages/Stylized 3D Tools/Prefabs using Guid(04a811266112f234fb3727eb60e24d53) Importer(815301076,1909f56bfc062723c751e8b465ee728b)  -> (artifact id: '5f1c9aee46ce3f59044bbcdac2683561') in 0.007921 seconds 
========================================================================
Received Import Request.
  Time since last request: 243.452384 seconds.
  path: Assets/External Packages/Stylized 3D Tools/Prefabs/hammer01.prefab
  artifactKey: Guid(9f64ed5ce0216394d91f836dbefecf5d) Importer(815301076,1909f56bfc062723c751e8b465ee728b)
Start importing Assets/External Packages/Stylized 3D Tools/Prefabs/hammer01.prefab using Guid(9f64ed5ce0216394d91f836dbefecf5d) Importer(815301076,1909f56bfc062723c751e8b465ee728b)  -> (artifact id: 'a68760b4eedd9766842097cad6dfcc4b') in 0.103853 seconds 
========================================================================
Received Import Request.
  Time since last request: 0.000034 seconds.
  path: Assets/External Packages/Stylized 3D Tools/Prefabs/pickaxe01.prefab
  artifactKey: Guid(869385138ceeb3c4e9ed5f72da8d50d7) Importer(815301076,1909f56bfc062723c751e8b465ee728b)
Start importing Assets/External Packages/Stylized 3D Tools/Prefabs/pickaxe01.prefab using Guid(869385138ceeb3c4e9ed5f72da8d50d7) Importer(815301076,1909f56bfc062723c751e8b465ee728b)  -> (artifact id: 'b3913f8f236278f285fb6e3b30332e99') in 0.083052 seconds 
========================================================================
Received Import Request.
  Time since last request: 707.110729 seconds.
  path: Assets/TerrainData_23f90c6b-5eee-4843-aa45-c6dce8b1a3a6.asset
  artifactKey: Guid(e2a2d75b4875a2c4d88c3bd192d9df08) Importer(815301076,1909f56bfc062723c751e8b465ee728b)
Start importing Assets/TerrainData_23f90c6b-5eee-4843-aa45-c6dce8b1a3a6.asset using Guid(e2a2d75b4875a2c4d88c3bd192d9df08) Importer(815301076,1909f56bfc062723c751e8b465ee728b)  -> (artifact id: 'a301f4d150e48e9452f2d5d9721c990a') in 0.030000 seconds 
========================================================================
Received Import Request.
  Time since last request: 0.000052 seconds.
  path: Assets/TerrainData_d660e885-53ac-4da1-a6c2-ff57b9f3b713.asset
  artifactKey: Guid(9529d8f4155dffa40a5cfb3591ec269d) Importer(815301076,1909f56bfc062723c751e8b465ee728b)
Start importing Assets/TerrainData_d660e885-53ac-4da1-a6c2-ff57b9f3b713.asset using Guid(9529d8f4155dffa40a5cfb3591ec269d) Importer(815301076,1909f56bfc062723c751e8b465ee728b)  -> (artifact id: '7f1925058c392721c1c8f9639263cbbc') in 0.023545 seconds 
========================================================================
Received Import Request.
  Time since last request: 0.000027 seconds.
  path: Assets/TerrainData_30639f78-0c40-4797-ac99-cccf371c3b54.asset
  artifactKey: Guid(fb04c3b94c6c28143b2f13d9eab434f5) Importer(815301076,1909f56bfc062723c751e8b465ee728b)
Start importing Assets/TerrainData_30639f78-0c40-4797-ac99-cccf371c3b54.asset using Guid(fb04c3b94c6c28143b2f13d9eab434f5) Importer(815301076,1909f56bfc062723c751e8b465ee728b)  -> (artifact id: '030700ba5f1ec2919d364b9b15edeb27') in 0.019718 seconds 
========================================================================
Received Import Request.
  Time since last request: 0.000024 seconds.
  path: Assets/TerrainData_2257c736-a0d8-4cc7-95f4-b470945731bf.asset
  artifactKey: Guid(1bd070839c7c09043b96c6278f8e5c51) Importer(815301076,1909f56bfc062723c751e8b465ee728b)
Start importing Assets/TerrainData_2257c736-a0d8-4cc7-95f4-b470945731bf.asset using Guid(1bd070839c7c09043b96c6278f8e5c51) Importer(815301076,1909f56bfc062723c751e8b465ee728b)  -> (artifact id: 'c9a3220cd0edf9b409008d335cd2cca2') in 0.021281 seconds 
========================================================================
Received Import Request.
  Time since last request: 0.000032 seconds.
  path: Assets/TerrainData_673cdc28-3c46-48e8-8afc-54b0a1dfffbd.asset
  artifactKey: Guid(be0acbf935abdc2478bcb7f8df6d3329) Importer(815301076,1909f56bfc062723c751e8b465ee728b)
Start importing Assets/TerrainData_673cdc28-3c46-48e8-8afc-54b0a1dfffbd.asset using Guid(be0acbf935abdc2478bcb7f8df6d3329) Importer(815301076,1909f56bfc062723c751e8b465ee728b)  -> (artifact id: 'c268905a38ce3d2b9542fb41252bd2bc') in 0.035455 seconds 
========================================================================
Received Import Request.
  Time since last request: 0.000024 seconds.
  path: Assets/TerrainData_eeb949a4-9274-4835-a324-f959805f3099.asset
  artifactKey: Guid(910066637e1a32f4ba2450f8dc0b7014) Importer(815301076,1909f56bfc062723c751e8b465ee728b)
Start importing Assets/TerrainData_eeb949a4-9274-4835-a324-f959805f3099.asset using Guid(910066637e1a32f4ba2450f8dc0b7014) Importer(815301076,1909f56bfc062723c751e8b465ee728b)  -> (artifact id: '433d49cec5284a873b7522fcdc5ffffc') in 0.020718 seconds 
========================================================================
Received Import Request.
  Time since last request: 0.000024 seconds.
  path: Assets/TerrainData_30bbf4d5-45e6-4f65-8b8d-472419dce8b4.asset
  artifactKey: Guid(e6362ad43a0094840969601f8800a3db) Importer(815301076,1909f56bfc062723c751e8b465ee728b)
Start importing Assets/TerrainData_30bbf4d5-45e6-4f65-8b8d-472419dce8b4.asset using Guid(e6362ad43a0094840969601f8800a3db) Importer(815301076,1909f56bfc062723c751e8b465ee728b)  -> (artifact id: 'f2b0dd961ee2e6c93b4fcc3f615f7dbf') in 0.022504 seconds 
========================================================================
Received Import Request.
  Time since last request: 4.745005 seconds.
  path: Assets/Scripts/CivilianScript.cs
  artifactKey: Guid(cee1b6dc8694fd8468289cbc66eefacb) Importer(815301076,1909f56bfc062723c751e8b465ee728b)
Start importing Assets/Scripts/CivilianScript.cs using Guid(cee1b6dc8694fd8468289cbc66eefacb) Importer(815301076,1909f56bfc062723c751e8b465ee728b)  -> (artifact id: 'f08f703d9848a52e5cd00208ba6fd7ce') in 0.048963 seconds 
========================================================================
Received Import Request.
  Time since last request: 83.225383 seconds.
  path: Assets/Scripts/CivilianScript.cs
  artifactKey: Guid(cee1b6dc8694fd8468289cbc66eefacb) Importer(815301076,1909f56bfc062723c751e8b465ee728b)
Start importing Assets/Scripts/CivilianScript.cs using Guid(cee1b6dc8694fd8468289cbc66eefacb) Importer(815301076,1909f56bfc062723c751e8b465ee728b)  -> (artifact id: '015e76af264e9cabca3f16a39c387544') in 0.010414 seconds 
========================================================================
Received Import Request.
  Time since last request: 123.655528 seconds.
  path: Assets/Scripts/CivilianScript.cs
  artifactKey: Guid(cee1b6dc8694fd8468289cbc66eefacb) Importer(815301076,1909f56bfc062723c751e8b465ee728b)
Start importing Assets/Scripts/CivilianScript.cs using Guid(cee1b6dc8694fd8468289cbc66eefacb) Importer(815301076,1909f56bfc062723c751e8b465ee728b)  -> (artifact id: '89e8af635dedf256e4904e331e65efe0') in 0.007071 seconds 
========================================================================
Received Prepare
Registering precompiled user dll's ...
Registered in 0.010162 seconds.
Begin MonoManager ReloadAssembly
Symbol file LoadedFromMemory is not a mono symbol file
Native extension for WindowsStandalone target not found
Refreshing native plugins compatible for Editor in 1.00 ms, found 2 plugins.
Preloading 0 native plugins for Editor in 0.00 ms.
Mono: successfully reloaded assembly
- Completed reload, in  2.699 seconds
Domain Reload Profiling:
	ReloadAssembly (2700ms)
		BeginReloadAssembly (368ms)
			ExecutionOrderSort (0ms)
			DisableScriptedObjects (18ms)
			BackupInstance (0ms)
			ReleaseScriptingObjects (0ms)
			CreateAndSetChildDomain (90ms)
		EndReloadAssembly (2134ms)
			LoadAssemblies (280ms)
			RebuildTransferFunctionScriptingTraits (2ms)
			SetupTypeCache (448ms)
			ReleaseScriptCaches (3ms)
			RebuildScriptCaches (142ms)
			SetupLoadedEditorAssemblies (931ms)
				LogAssemblyErrors (0ms)
				InitializePlatformSupportModulesInManaged (38ms)
				SetLoadedEditorAssemblies (1ms)
				RefreshPlugins (1ms)
				BeforeProcessingInitializeOnLoad (173ms)
				ProcessInitializeOnLoadAttributes (502ms)
				ProcessInitializeOnLoadMethodAttributes (208ms)
				AfterProcessingInitializeOnLoad (7ms)
				EditorAssembliesLoaded (0ms)
			ExecutionOrderSort2 (0ms)
			AwakeInstancesAfterBackupRestoration (28ms)
Platform modules already initialized, skipping
Refreshing native plugins compatible for Editor in 1.64 ms, found 2 plugins.
Preloading 0 native plugins for Editor in 0.00 ms.
Unloading 3367 Unused Serialized files (Serialized files now loaded: 0)
Unloading 16 unused Assets / (317.0 KB). Loaded Objects now: 4130.
Memory consumption went from 191.8 MB to 191.5 MB.
Total: 5.001900 ms (FindLiveObjects: 0.559900 ms CreateObjectMapping: 0.200100 ms MarkObjects: 3.282100 ms  DeleteObjects: 0.958100 ms)

AssetImportParameters requested are different than current active one (requested -> active):
  custom:video-decoder-ogg-theora: a1e56fd34408186e4bbccfd4996cb3dc -> 
  custom:container-muxer-webm: aa71ff27fc2769a1b78a27578f13a17b -> 
  custom:container-demuxer-webm: 4f35f7cbe854078d1ac9338744f61a02 -> 
  custom:video-encoder-webm-vp8: eb34c28f22e8b96e1ab97ce403110664 -> 
  custom:video-codec-MediaFoundation-h265: 746d11721c4dcdbdad8f713fa42b33f4 -> 
  custom:audio-encoder-webm-vorbis: bf7c407c2cedff20999df2af8eb42d56 -> 
  custom:framework-win-MediaFoundation: 216162199b28c13a410421893ffa2e32 -> 
  custom:container-demuxer-ogg: 62fdf1f143b41e24485cea50d1cbac27 -> 
  custom:video-decoder-webm-vp8: 9c59270c3fd7afecdb556c50c9e8de78 -> 
  custom:audio-decoder-ogg-vorbis: bf7c407c2cedff20999df2af8eb42d56 -> 
========================================================================
Received Prepare
Registering precompiled user dll's ...
Registered in 0.004921 seconds.
Begin MonoManager ReloadAssembly
Symbol file LoadedFromMemory is not a mono symbol file
Native extension for WindowsStandalone target not found
Refreshing native plugins compatible for Editor in 1.21 ms, found 2 plugins.
Preloading 0 native plugins for Editor in 0.00 ms.
Mono: successfully reloaded assembly
- Completed reload, in  2.939 seconds
Domain Reload Profiling:
	ReloadAssembly (2940ms)
		BeginReloadAssembly (627ms)
			ExecutionOrderSort (0ms)
			DisableScriptedObjects (34ms)
			BackupInstance (0ms)
			ReleaseScriptingObjects (0ms)
			CreateAndSetChildDomain (142ms)
		EndReloadAssembly (1997ms)
			LoadAssemblies (485ms)
			RebuildTransferFunctionScriptingTraits (0ms)
			SetupTypeCache (563ms)
			ReleaseScriptCaches (2ms)
			RebuildScriptCaches (117ms)
			SetupLoadedEditorAssemblies (767ms)
				LogAssemblyErrors (0ms)
				InitializePlatformSupportModulesInManaged (22ms)
				SetLoadedEditorAssemblies (1ms)
				RefreshPlugins (1ms)
				BeforeProcessingInitializeOnLoad (118ms)
				ProcessInitializeOnLoadAttributes (451ms)
				ProcessInitializeOnLoadMethodAttributes (167ms)
				AfterProcessingInitializeOnLoad (5ms)
				EditorAssembliesLoaded (1ms)
			ExecutionOrderSort2 (0ms)
			AwakeInstancesAfterBackupRestoration (37ms)
Platform modules already initialized, skipping
Refreshing native plugins compatible for Editor in 2.94 ms, found 2 plugins.
Preloading 0 native plugins for Editor in 0.00 ms.
Unloading 3367 Unused Serialized files (Serialized files now loaded: 0)
Unloading 16 unused Assets / (316.6 KB). Loaded Objects now: 4133.
Memory consumption went from 191.7 MB to 191.4 MB.
Total: 6.286200 ms (FindLiveObjects: 1.336400 ms CreateObjectMapping: 0.188800 ms MarkObjects: 4.695100 ms  DeleteObjects: 0.064600 ms)

AssetImportParameters requested are different than current active one (requested -> active):
  custom:video-decoder-ogg-theora: a1e56fd34408186e4bbccfd4996cb3dc -> 
  custom:container-muxer-webm: aa71ff27fc2769a1b78a27578f13a17b -> 
  custom:container-demuxer-webm: 4f35f7cbe854078d1ac9338744f61a02 -> 
  custom:video-encoder-webm-vp8: eb34c28f22e8b96e1ab97ce403110664 -> 
  custom:video-codec-MediaFoundation-h265: 746d11721c4dcdbdad8f713fa42b33f4 -> 
  custom:audio-encoder-webm-vorbis: bf7c407c2cedff20999df2af8eb42d56 -> 
  custom:framework-win-MediaFoundation: 216162199b28c13a410421893ffa2e32 -> 
  custom:container-demuxer-ogg: 62fdf1f143b41e24485cea50d1cbac27 -> 
  custom:video-decoder-webm-vp8: 9c59270c3fd7afecdb556c50c9e8de78 -> 
  custom:audio-decoder-ogg-vorbis: bf7c407c2cedff20999df2af8eb42d56 -> 
========================================================================
Received Prepare
Registering precompiled user dll's ...
Registered in 0.009581 seconds.
Begin MonoManager ReloadAssembly
Symbol file LoadedFromMemory is not a mono symbol file
Native extension for WindowsStandalone target not found
Refreshing native plugins compatible for Editor in 2.13 ms, found 2 plugins.
Preloading 0 native plugins for Editor in 0.00 ms.
Mono: successfully reloaded assembly
- Completed reload, in  2.374 seconds
Domain Reload Profiling:
	ReloadAssembly (2374ms)
		BeginReloadAssembly (271ms)
			ExecutionOrderSort (0ms)
			DisableScriptedObjects (15ms)
			BackupInstance (0ms)
			ReleaseScriptingObjects (0ms)
			CreateAndSetChildDomain (57ms)
		EndReloadAssembly (1857ms)
			LoadAssemblies (218ms)
			RebuildTransferFunctionScriptingTraits (0ms)
			SetupTypeCache (505ms)
			ReleaseScriptCaches (5ms)
			RebuildScriptCaches (121ms)
			SetupLoadedEditorAssemblies (847ms)
				LogAssemblyErrors (0ms)
				InitializePlatformSupportModulesInManaged (18ms)
				SetLoadedEditorAssemblies (1ms)
				RefreshPlugins (2ms)
				BeforeProcessingInitializeOnLoad (167ms)
				ProcessInitializeOnLoadAttributes (448ms)
				ProcessInitializeOnLoadMethodAttributes (173ms)
				AfterProcessingInitializeOnLoad (38ms)
				EditorAssembliesLoaded (0ms)
			ExecutionOrderSort2 (0ms)
			AwakeInstancesAfterBackupRestoration (45ms)
Platform modules already initialized, skipping
Refreshing native plugins compatible for Editor in 1.41 ms, found 2 plugins.
Preloading 0 native plugins for Editor in 0.00 ms.
Unloading 3367 Unused Serialized files (Serialized files now loaded: 0)
Unloading 16 unused Assets / (317.0 KB). Loaded Objects now: 4136.
Memory consumption went from 191.7 MB to 191.4 MB.
Total: 4.318200 ms (FindLiveObjects: 0.261900 ms CreateObjectMapping: 0.145300 ms MarkObjects: 3.848200 ms  DeleteObjects: 0.061700 ms)

AssetImportParameters requested are different than current active one (requested -> active):
  custom:video-decoder-ogg-theora: a1e56fd34408186e4bbccfd4996cb3dc -> 
  custom:container-muxer-webm: aa71ff27fc2769a1b78a27578f13a17b -> 
  custom:container-demuxer-webm: 4f35f7cbe854078d1ac9338744f61a02 -> 
  custom:video-encoder-webm-vp8: eb34c28f22e8b96e1ab97ce403110664 -> 
  custom:video-codec-MediaFoundation-h265: 746d11721c4dcdbdad8f713fa42b33f4 -> 
  custom:audio-encoder-webm-vorbis: bf7c407c2cedff20999df2af8eb42d56 -> 
  custom:framework-win-MediaFoundation: 216162199b28c13a410421893ffa2e32 -> 
  custom:container-demuxer-ogg: 62fdf1f143b41e24485cea50d1cbac27 -> 
  custom:video-decoder-webm-vp8: 9c59270c3fd7afecdb556c50c9e8de78 -> 
  custom:audio-decoder-ogg-vorbis: bf7c407c2cedff20999df2af8eb42d56 -> 
========================================================================
Received Prepare
Registering precompiled user dll's ...
Registered in 0.008361 seconds.
Begin MonoManager ReloadAssembly
Symbol file LoadedFromMemory is not a mono symbol file
Native extension for WindowsStandalone target not found
Refreshing native plugins compatible for Editor in 0.77 ms, found 2 plugins.
Preloading 0 native plugins for Editor in 0.00 ms.
Mono: successfully reloaded assembly
- Completed reload, in  2.129 seconds
Domain Reload Profiling:
	ReloadAssembly (2131ms)
		BeginReloadAssembly (289ms)
			ExecutionOrderSort (0ms)
			DisableScriptedObjects (16ms)
			BackupInstance (0ms)
			ReleaseScriptingObjects (0ms)
			CreateAndSetChildDomain (68ms)
		EndReloadAssembly (1643ms)
			LoadAssemblies (239ms)
			RebuildTransferFunctionScriptingTraits (0ms)
			SetupTypeCache (449ms)
			ReleaseScriptCaches (3ms)
			RebuildScriptCaches (105ms)
			SetupLoadedEditorAssemblies (760ms)
				LogAssemblyErrors (0ms)
				InitializePlatformSupportModulesInManaged (36ms)
				SetLoadedEditorAssemblies (3ms)
				RefreshPlugins (1ms)
				BeforeProcessingInitializeOnLoad (132ms)
				ProcessInitializeOnLoadAttributes (408ms)
				ProcessInitializeOnLoadMethodAttributes (171ms)
				AfterProcessingInitializeOnLoad (8ms)
				EditorAssembliesLoaded (1ms)
			ExecutionOrderSort2 (0ms)
			AwakeInstancesAfterBackupRestoration (24ms)
Platform modules already initialized, skipping
Refreshing native plugins compatible for Editor in 3.16 ms, found 2 plugins.
Preloading 0 native plugins for Editor in 0.00 ms.
Unloading 3367 Unused Serialized files (Serialized files now loaded: 0)
Unloading 16 unused Assets / (316.9 KB). Loaded Objects now: 4139.
Memory consumption went from 191.7 MB to 191.4 MB.
Total: 4.411500 ms (FindLiveObjects: 0.528100 ms CreateObjectMapping: 0.219700 ms MarkObjects: 3.602300 ms  DeleteObjects: 0.059900 ms)

AssetImportParameters requested are different than current active one (requested -> active):
  custom:video-decoder-ogg-theora: a1e56fd34408186e4bbccfd4996cb3dc -> 
  custom:container-muxer-webm: aa71ff27fc2769a1b78a27578f13a17b -> 
  custom:container-demuxer-webm: 4f35f7cbe854078d1ac9338744f61a02 -> 
  custom:video-encoder-webm-vp8: eb34c28f22e8b96e1ab97ce403110664 -> 
  custom:video-codec-MediaFoundation-h265: 746d11721c4dcdbdad8f713fa42b33f4 -> 
  custom:audio-encoder-webm-vorbis: bf7c407c2cedff20999df2af8eb42d56 -> 
  custom:framework-win-MediaFoundation: 216162199b28c13a410421893ffa2e32 -> 
  custom:container-demuxer-ogg: 62fdf1f143b41e24485cea50d1cbac27 -> 
  custom:video-decoder-webm-vp8: 9c59270c3fd7afecdb556c50c9e8de78 -> 
  custom:audio-decoder-ogg-vorbis: bf7c407c2cedff20999df2af8eb42d56 -> 
